Determining if the pthread_create exist failed with the following output:
Change Dir: /home/jlurobot/catkin_ws/build/CMakeFiles/CMakeTmp

Run Build Command:"/usr/bin/make" "cmTC_adcd5/fast"
/usr/bin/make -f CMakeFiles/cmTC_adcd5.dir/build.make CMakeFiles/cmTC_adcd5.dir/build
make[1]: Entering directory '/home/jlurobot/catkin_ws/build/CMakeFiles/CMakeTmp'
Building C object CMakeFiles/cmTC_adcd5.dir/CheckSymbolExists.c.o
/usr/bin/cc     -o CMakeFiles/cmTC_adcd5.dir/CheckSymbolExists.c.o   -c /home/jlurobot/catkin_ws/build/CMakeFiles/CMakeTmp/CheckSymbolExists.c
Linking C executable cmTC_adcd5
/usr/bin/cmake -E cmake_link_script CMakeFiles/cmTC_adcd5.dir/link.txt --verbose=1
/usr/bin/cc       CMakeFiles/cmTC_adcd5.dir/CheckSymbolExists.c.o  -o cmTC_adcd5 -rdynamic 
CMakeFiles/cmTC_adcd5.dir/CheckSymbolExists.c.o: In function `main':
CheckSymbolExists.c:(.text+0x16): undefined reference to `pthread_create'
collect2: error: ld returned 1 exit status
CMakeFiles/cmTC_adcd5.dir/build.make:97: recipe for target 'cmTC_adcd5' failed
make[1]: *** [cmTC_adcd5] Error 1
make[1]: Leaving directory '/home/jlurobot/catkin_ws/build/CMakeFiles/CMakeTmp'
Makefile:126: recipe for target 'cmTC_adcd5/fast' failed
make: *** [cmTC_adcd5/fast] Error 2

File /home/jlurobot/catkin_ws/build/CMakeFiles/CMakeTmp/CheckSymbolExists.c:
/* */
#include <pthread.h>

int main(int argc, char** argv)
{
  (void)argv;
#ifndef pthread_create
  return ((int*)(&pthread_create))[argc];
#else
  (void)argc;
  return 0;
#endif
}

Determining if the function pthread_create exists in the pthreads failed with the following output:
Change Dir: /home/jlurobot/catkin_ws/build/CMakeFiles/CMakeTmp

Run Build Command:"/usr/bin/make" "cmTC_2e30c/fast"
/usr/bin/make -f CMakeFiles/cmTC_2e30c.dir/build.make CMakeFiles/cmTC_2e30c.dir/build
make[1]: Entering directory '/home/jlurobot/catkin_ws/build/CMakeFiles/CMakeTmp'
Building C object CMakeFiles/cmTC_2e30c.dir/CheckFunctionExists.c.o
/usr/bin/cc    -DCHECK_FUNCTION_EXISTS=pthread_create   -o CMakeFiles/cmTC_2e30c.dir/CheckFunctionExists.c.o   -c /usr/share/cmake-3.5/Modules/CheckFunctionExists.c
Linking C executable cmTC_2e30c
/usr/bin/cmake -E cmake_link_script CMakeFiles/cmTC_2e30c.dir/link.txt --verbose=1
/usr/bin/cc   -DCHECK_FUNCTION_EXISTS=pthread_create    CMakeFiles/cmTC_2e30c.dir/CheckFunctionExists.c.o  -o cmTC_2e30c -rdynamic -lpthreads 
/usr/bin/ld: cannot find -lpthreads
collect2: error: ld returned 1 exit status
CMakeFiles/cmTC_2e30c.dir/build.make:97: recipe for target 'cmTC_2e30c' failed
make[1]: *** [cmTC_2e30c] Error 1
make[1]: Leaving directory '/home/jlurobot/catkin_ws/build/CMakeFiles/CMakeTmp'
Makefile:126: recipe for target 'cmTC_2e30c/fast' failed
make: *** [cmTC_2e30c/fast] Error 2


